<?xml version="1.0" encoding="UTF-8" ?>
<testsuite failures="0" time="0.014" errors="0" skipped="0" tests="1" name="com.parnurzeal.jobse.AppTest">
  <properties>
    <property name="java.runtime.name" value="Java(TM) SE Runtime Environment"/>
    <property name="sun.boot.library.path" value="/Library/Java/JavaVirtualMachines/jdk1.7.0_51.jdk/Contents/Home/jre/lib"/>
    <property name="java.vm.version" value="24.51-b03"/>
    <property name="user.country.format" value="JP"/>
    <property name="gopherProxySet" value="false"/>
    <property name="java.vm.vendor" value="Oracle Corporation"/>
    <property name="java.vendor.url" value="http://java.oracle.com/"/>
    <property name="path.separator" value=":"/>
    <property name="java.vm.name" value="Java HotSpot(TM) 64-Bit Server VM"/>
    <property name="file.encoding.pkg" value="sun.io"/>
    <property name="user.country" value="US"/>
    <property name="sun.java.launcher" value="SUN_STANDARD"/>
    <property name="sun.os.patch.level" value="unknown"/>
    <property name="java.vm.specification.name" value="Java Virtual Machine Specification"/>
    <property name="user.dir" value="/Users/teerapol.watanavekin/myPlayGround/jobse"/>
    <property name="java.runtime.version" value="1.7.0_51-b13"/>
    <property name="java.awt.graphicsenv" value="sun.awt.CGraphicsEnvironment"/>
    <property name="basedir" value="/Users/teerapol.watanavekin/myPlayGround/jobse"/>
    <property name="java.endorsed.dirs" value="/Library/Java/JavaVirtualMachines/jdk1.7.0_51.jdk/Contents/Home/jre/lib/endorsed"/>
    <property name="os.arch" value="x86_64"/>
    <property name="surefire.real.class.path" value="/Users/teerapol.watanavekin/myPlayGround/jobse/target/surefire/surefirebooter1103933634261821187.jar"/>
    <property name="java.io.tmpdir" value="/var/folders/f4/qgc_6b5s6j33btbshz_xmmrjrkxxj8/T/"/>
    <property name="line.separator" value="
"/>
    <property name="java.vm.specification.vendor" value="Oracle Corporation"/>
    <property name="os.name" value="Mac OS X"/>
    <property name="sun.jnu.encoding" value="UTF-8"/>
    <property name="java.library.path" value="/Users/teerapol.watanavekin/Library/Java/Extensions:/Library/Java/Extensions:/Network/Library/Java/Extensions:/System/Library/Java/Extensions:/usr/lib/java:."/>
    <property name="surefire.test.class.path" value="/Users/teerapol.watanavekin/myPlayGround/jobse/target/test-classes:/Users/teerapol.watanavekin/myPlayGround/jobse/target/classes:/Users/teerapol.watanavekin/.m2/repository/junit/junit/3.8.1/junit-3.8.1.jar:/Users/teerapol.watanavekin/.m2/repository/com/googlecode/json-simple/json-simple/1.1/json-simple-1.1.jar:/Users/teerapol.watanavekin/.m2/repository/commons-io/commons-io/1.3.2/commons-io-1.3.2.jar:"/>
    <property name="java.specification.name" value="Java Platform API Specification"/>
    <property name="java.class.version" value="51.0"/>
    <property name="sun.management.compiler" value="HotSpot 64-Bit Tiered Compilers"/>
    <property name="os.version" value="10.8.2"/>
    <property name="http.nonProxyHosts" value="local|*.local|169.254/16|*.169.254/16|127.0.0.1|https://sra.intra.rakuten.com/tp|*.https://sra.intra.rakuten.com/tp|https://rra.rakuten.com|*.https://rra.rakuten.com|https://dev-vpn.intra.rakuten.co.jp|*.https://dev-vpn.intra.rakuten.co.jp|https://srao.intra.rakuten.com/tp|*.https://srao.intra.rakuten.com/tp|rap|*.rap|rap|*.rap|office.rakuten.co.jp|*.office.rakuten.co.jp|intra.rakuten.co.jp|*.intra.rakuten.co.jp|onlineservice-|*.onlineservice-|gate.net|*.gate.net|microsoftonline.com|*.microsoftonline.com|sra.rakuten.co.jp|*.sra.rakuten.co.jp|dlm|*.dlm|rra.rakuten.com|*.rra.rakuten.com|sra.intra.rakuten.com|*.sra.intra.rakuten.com|news.infoseek.co.jp|*.news.infoseek.co.jp|intra-tool.rakuten.co.jp|*.intra-tool.rakuten.co.jp|srao.intra.rakuten.com|*.srao.intra.rakuten.com|mail.rakuten.com|*.mail.rakuten.com|outlook.com|*.outlook.com|microsoftonline-p.com|*.microsoftonline-p.com|microsoftonline-p.net|*.microsoftonline-p.net|microsoftonlinesupport.net|*.microsoftonlinesupport.net|mscrl.microsoft.com|*.mscrl.microsoft.com|www.public-trust.com|*.www.public-trust.com|sureseries-crl.cybertrust.ne.jp|*.sureseries-crl.cybertrust.ne.jp|www.msftncsi.com|*.www.msftncsi.com|search.namequery.com|*.search.namequery.com|127.0.0.1|microsoftonlineimages.com|*.microsoftonlineimages.com|g.msn.co.jp|*.g.msn.co.jp|g.msn.co.uk|*.g.msn.co.uk|g.msn.com|*.g.msn.com|outlook.com|*.outlook.com|outlook.com|*.outlook.com|norton.com|*.norton.com|symantec.com|*.symantec.com|symantecliveupdate.com|*.symantecliveupdate.com|spn.com|*.spn.com|localhost|*.localhost|127.0.0.1"/>
    <property name="user.home" value="/Users/teerapol.watanavekin"/>
    <property name="user.timezone" value=""/>
    <property name="java.awt.printerjob" value="sun.lwawt.macosx.CPrinterJob"/>
    <property name="java.specification.version" value="1.7"/>
    <property name="file.encoding" value="UTF-8"/>
    <property name="user.name" value="teerapol.watanavekin"/>
    <property name="java.class.path" value="/Users/teerapol.watanavekin/myPlayGround/jobse/target/test-classes:/Users/teerapol.watanavekin/myPlayGround/jobse/target/classes:/Users/teerapol.watanavekin/.m2/repository/junit/junit/3.8.1/junit-3.8.1.jar:/Users/teerapol.watanavekin/.m2/repository/com/googlecode/json-simple/json-simple/1.1/json-simple-1.1.jar:/Users/teerapol.watanavekin/.m2/repository/commons-io/commons-io/1.3.2/commons-io-1.3.2.jar:"/>
    <property name="java.vm.specification.version" value="1.7"/>
    <property name="sun.arch.data.model" value="64"/>
    <property name="java.home" value="/Library/Java/JavaVirtualMachines/jdk1.7.0_51.jdk/Contents/Home/jre"/>
    <property name="sun.java.command" value="/Users/teerapol.watanavekin/myPlayGround/jobse/target/surefire/surefirebooter1103933634261821187.jar /Users/teerapol.watanavekin/myPlayGround/jobse/target/surefire/surefire87330163390242404tmp /Users/teerapol.watanavekin/myPlayGround/jobse/target/surefire/surefire4300030912300020199tmp"/>
    <property name="java.specification.vendor" value="Oracle Corporation"/>
    <property name="user.language" value="en"/>
    <property name="awt.toolkit" value="sun.lwawt.macosx.LWCToolkit"/>
    <property name="java.vm.info" value="mixed mode"/>
    <property name="java.version" value="1.7.0_51"/>
    <property name="java.ext.dirs" value="/Users/teerapol.watanavekin/Library/Java/Extensions:/Library/Java/JavaVirtualMachines/jdk1.7.0_51.jdk/Contents/Home/jre/lib/ext:/Library/Java/Extensions:/Network/Library/Java/Extensions:/System/Library/Java/Extensions:/usr/lib/java"/>
    <property name="sun.boot.class.path" value="/Library/Java/JavaVirtualMachines/jdk1.7.0_51.jdk/Contents/Home/jre/lib/resources.jar:/Library/Java/JavaVirtualMachines/jdk1.7.0_51.jdk/Contents/Home/jre/lib/rt.jar:/Library/Java/JavaVirtualMachines/jdk1.7.0_51.jdk/Contents/Home/jre/lib/sunrsasign.jar:/Library/Java/JavaVirtualMachines/jdk1.7.0_51.jdk/Contents/Home/jre/lib/jsse.jar:/Library/Java/JavaVirtualMachines/jdk1.7.0_51.jdk/Contents/Home/jre/lib/jce.jar:/Library/Java/JavaVirtualMachines/jdk1.7.0_51.jdk/Contents/Home/jre/lib/charsets.jar:/Library/Java/JavaVirtualMachines/jdk1.7.0_51.jdk/Contents/Home/jre/lib/jfr.jar:/Library/Java/JavaVirtualMachines/jdk1.7.0_51.jdk/Contents/Home/jre/classes"/>
    <property name="java.vendor" value="Oracle Corporation"/>
    <property name="localRepository" value="/Users/teerapol.watanavekin/.m2/repository"/>
    <property name="file.separator" value="/"/>
    <property name="java.vendor.url.bug" value="http://bugreport.sun.com/bugreport/"/>
    <property name="sun.cpu.endian" value="little"/>
    <property name="sun.io.unicode.encoding" value="UnicodeBig"/>
    <property name="socksNonProxyHosts" value="local|*.local|169.254/16|*.169.254/16|127.0.0.1|https://sra.intra.rakuten.com/tp|*.https://sra.intra.rakuten.com/tp|https://rra.rakuten.com|*.https://rra.rakuten.com|https://dev-vpn.intra.rakuten.co.jp|*.https://dev-vpn.intra.rakuten.co.jp|https://srao.intra.rakuten.com/tp|*.https://srao.intra.rakuten.com/tp|rap|*.rap|rap|*.rap|office.rakuten.co.jp|*.office.rakuten.co.jp|intra.rakuten.co.jp|*.intra.rakuten.co.jp|onlineservice-|*.onlineservice-|gate.net|*.gate.net|microsoftonline.com|*.microsoftonline.com|sra.rakuten.co.jp|*.sra.rakuten.co.jp|dlm|*.dlm|rra.rakuten.com|*.rra.rakuten.com|sra.intra.rakuten.com|*.sra.intra.rakuten.com|news.infoseek.co.jp|*.news.infoseek.co.jp|intra-tool.rakuten.co.jp|*.intra-tool.rakuten.co.jp|srao.intra.rakuten.com|*.srao.intra.rakuten.com|mail.rakuten.com|*.mail.rakuten.com|outlook.com|*.outlook.com|microsoftonline-p.com|*.microsoftonline-p.com|microsoftonline-p.net|*.microsoftonline-p.net|microsoftonlinesupport.net|*.microsoftonlinesupport.net|mscrl.microsoft.com|*.mscrl.microsoft.com|www.public-trust.com|*.www.public-trust.com|sureseries-crl.cybertrust.ne.jp|*.sureseries-crl.cybertrust.ne.jp|www.msftncsi.com|*.www.msftncsi.com|search.namequery.com|*.search.namequery.com|127.0.0.1|microsoftonlineimages.com|*.microsoftonlineimages.com|g.msn.co.jp|*.g.msn.co.jp|g.msn.co.uk|*.g.msn.co.uk|g.msn.com|*.g.msn.com|outlook.com|*.outlook.com|outlook.com|*.outlook.com|norton.com|*.norton.com|symantec.com|*.symantec.com|symantecliveupdate.com|*.symantecliveupdate.com|spn.com|*.spn.com|localhost|*.localhost|127.0.0.1"/>
    <property name="ftp.nonProxyHosts" value="local|*.local|169.254/16|*.169.254/16|127.0.0.1|https://sra.intra.rakuten.com/tp|*.https://sra.intra.rakuten.com/tp|https://rra.rakuten.com|*.https://rra.rakuten.com|https://dev-vpn.intra.rakuten.co.jp|*.https://dev-vpn.intra.rakuten.co.jp|https://srao.intra.rakuten.com/tp|*.https://srao.intra.rakuten.com/tp|rap|*.rap|rap|*.rap|office.rakuten.co.jp|*.office.rakuten.co.jp|intra.rakuten.co.jp|*.intra.rakuten.co.jp|onlineservice-|*.onlineservice-|gate.net|*.gate.net|microsoftonline.com|*.microsoftonline.com|sra.rakuten.co.jp|*.sra.rakuten.co.jp|dlm|*.dlm|rra.rakuten.com|*.rra.rakuten.com|sra.intra.rakuten.com|*.sra.intra.rakuten.com|news.infoseek.co.jp|*.news.infoseek.co.jp|intra-tool.rakuten.co.jp|*.intra-tool.rakuten.co.jp|srao.intra.rakuten.com|*.srao.intra.rakuten.com|mail.rakuten.com|*.mail.rakuten.com|outlook.com|*.outlook.com|microsoftonline-p.com|*.microsoftonline-p.com|microsoftonline-p.net|*.microsoftonline-p.net|microsoftonlinesupport.net|*.microsoftonlinesupport.net|mscrl.microsoft.com|*.mscrl.microsoft.com|www.public-trust.com|*.www.public-trust.com|sureseries-crl.cybertrust.ne.jp|*.sureseries-crl.cybertrust.ne.jp|www.msftncsi.com|*.www.msftncsi.com|search.namequery.com|*.search.namequery.com|127.0.0.1|microsoftonlineimages.com|*.microsoftonlineimages.com|g.msn.co.jp|*.g.msn.co.jp|g.msn.co.uk|*.g.msn.co.uk|g.msn.com|*.g.msn.com|outlook.com|*.outlook.com|outlook.com|*.outlook.com|norton.com|*.norton.com|symantec.com|*.symantec.com|symantecliveupdate.com|*.symantecliveupdate.com|spn.com|*.spn.com|localhost|*.localhost|127.0.0.1"/>
    <property name="sun.cpu.isalist" value=""/>
  </properties>
  <testcase time="0.002" classname="com.parnurzeal.jobse.AppTest" name="testApp"/>
</testsuite>